<?xml version="1.0" encoding="UTF-8"?>
<testng-results skipped="0" failed="0" ignored="0" total="1" passed="1">
  <reporter-output>
  </reporter-output>
  <suite name="Default suite" duration-ms="34186" started-at="2018-12-07T18:23:43Z" finished-at="2018-12-07T18:24:17Z">
    <groups>
    </groups>
    <test name="Default test" duration-ms="34186" started-at="2018-12-07T18:23:43Z" finished-at="2018-12-07T18:24:17Z">
      <class name="SignInTest">
        <test-method status="PASS" signature="setupApplication()[pri:0, instance:SignInTest@8bd1b6a]" name="setupApplication" is-config="true" duration-ms="15535" started-at="2018-12-07T23:53:43Z" finished-at="2018-12-07T23:53:58Z">
          <reporter-output>
          </reporter-output>
        </test-method> <!-- setupApplication -->
        <test-method status="PASS" signature="shouldThrowAnErrorIfSignInDetailsAreMissing()[pri:0, instance:SignInTest@8bd1b6a]" name="shouldThrowAnErrorIfSignInDetailsAreMissing" duration-ms="17622" started-at="2018-12-07T23:53:58Z" finished-at="2018-12-07T23:54:16Z">
          <reporter-output>
          </reporter-output>
        </test-method> <!-- shouldThrowAnErrorIfSignInDetailsAreMissing -->
        <test-method status="PASS" signature="closeApplication()[pri:0, instance:SignInTest@8bd1b6a]" name="closeApplication" is-config="true" duration-ms="999" started-at="2018-12-07T23:54:16Z" finished-at="2018-12-07T23:54:17Z">
          <reporter-output>
          </reporter-output>
        </test-method> <!-- closeApplication -->
      </class> <!-- SignInTest -->
    </test> <!-- Default test -->
  </suite> <!-- Default suite -->
</testng-results>
